[2026-02-04T18:36:44Z INFO  nhs_rt_full] ╔═══════════════════════════════════════════════════════════════╗
[2026-02-04T18:36:44Z INFO  nhs_rt_full] ║     PRISM4D NHS RT-FULL PIPELINE                              ║
[2026-02-04T18:36:44Z INFO  nhs_rt_full] ║     RT-Core Accelerated Binding Site Detection                ║
[2026-02-04T18:36:44Z INFO  nhs_rt_full] ╚═══════════════════════════════════════════════════════════════╝
[2026-02-04T18:36:44Z INFO  nhs_rt_full] 
    [1/6] Loading topology: production_test/targets/16_GBA_apo.topology.json
[2026-02-04T18:36:44Z INFO  prism_nhs::input] Loading PRISM-PREP topology from: production_test/targets/16_GBA_apo.topology.json
[2026-02-04T18:36:44Z INFO  prism_nhs::input] Loaded topology: 31096 atoms, 1988 residues, 4 chains
[2026-02-04T18:36:44Z INFO  nhs_rt_full]   Atoms: 31096
[2026-02-04T18:36:44Z INFO  nhs_rt_full]   Residues: 1988
[2026-02-04T18:36:44Z INFO  nhs_rt_full]   Aromatics: 34 (TRP/TYR/PHE)
[2026-02-04T18:36:44Z INFO  nhs_rt_full] 
    [2/6] Initializing GPU engine...
[2026-02-04T18:36:44Z INFO  prism_nhs::persistent_engine] 🚀 Initializing Persistent NHS Engine (max_atoms: 31096)
[2026-02-04T18:36:44Z INFO  prism_nhs::persistent_engine]   CUDA context: 116ms
[2026-02-04T18:36:44Z INFO  prism_nhs::persistent_engine]   PTX module: 235ms
[2026-02-04T18:36:44Z INFO  prism_nhs::persistent_engine] ✅ Persistent engine ready (total init: 351ms)
[2026-02-04T18:36:44Z INFO  prism_nhs::persistent_engine] 📦 Loading topology: 16_GBA_apo_sanitized (31096 atoms)
[2026-02-04T18:36:44Z INFO  prism_nhs::fused_engine] Creating NHS-AMBER Fused Engine: 31096 atoms, grid 64³
[2026-02-04T18:36:44Z INFO  prism_nhs::fused_engine] Loaded fused kernel PTX from: crates/prism-gpu/src/kernels/nhs_amber_fused.ptx
[2026-02-04T18:36:44Z INFO  prism_nhs::fused_engine] Cell grid: 12x13x11 = 1716 cells (cell size 10 Å)
[2026-02-04T18:36:44Z INFO  prism_nhs::fused_engine] Neighbor list mode: ENABLED (O(N)) (n_atoms=31096)
[2026-02-04T18:36:44Z INFO  prism_nhs::fused_engine] Uploaded aromatic topology: 228 aromatics with ring atom indices
[2026-02-04T18:36:44Z INFO  prism_nhs::fused_engine] Uploaded topology: 31588 bonds, 57064 angles, 107968 dihedrals
[2026-02-04T18:36:44Z INFO  prism_nhs::fused_engine] Excited state: 228 aromatics mapped
[2026-02-04T18:36:48Z INFO  prism_nhs::fused_engine] Built warp matrix: 262144 voxels (163685 with atoms, avg 9.0 atoms/voxel, max 16)
[2026-02-04T18:36:48Z INFO  prism_nhs::fused_engine] Built aromatic neighbor lists for 228 aromatics (cutoff 5.0A)
[2026-02-04T18:36:48Z INFO  prism_nhs::fused_engine] Computed ring normals for 228 aromatics
[2026-02-04T18:36:48Z INFO  prism_nhs::fused_engine] Computed and uploaded aromatic centroids for 228 aromatics
[2026-02-04T18:36:48Z INFO  prism_nhs::fused_engine] NHS-AMBER Fused Engine created successfully
[2026-02-04T18:36:48Z INFO  prism_nhs::fused_engine]   Bonds: 31588, Angles: 57064, Dihedrals: 107968
[2026-02-04T18:36:48Z INFO  prism_nhs::fused_engine]   H-Clusters (SHAKE): 10076
[2026-02-04T18:36:48Z INFO  prism_nhs::fused_engine]   UV Targets: 228
[2026-02-04T18:36:48Z INFO  prism_nhs::fused_engine]   Cryogenic physics: ENABLED
[2026-02-04T18:36:48Z INFO  prism_nhs::persistent_engine]   Topology loaded: 3716ms
[2026-02-04T18:36:48Z INFO  nhs_rt_full]   RT-core clustering: ✓ Available
[2026-02-04T18:36:48Z INFO  prism_nhs::fused_engine] ╔═══════════════════════════════════════════════════════════════╗
[2026-02-04T18:36:48Z INFO  prism_nhs::fused_engine] ║  UNIFIED CRYO-UV PROTOCOL ACTIVATED                           ║
[2026-02-04T18:36:48Z INFO  prism_nhs::fused_engine] ╚═══════════════════════════════════════════════════════════════╝
[2026-02-04T18:36:48Z INFO  prism_nhs::fused_engine]   Temperature: 100K → 300K
[2026-02-04T18:36:48Z INFO  prism_nhs::fused_engine]   Phases: cold_hold=50000, ramp=62500, warm_hold=62500
[2026-02-04T18:36:48Z INFO  prism_nhs::fused_engine]   UV bursts: 30kcal/mol every 500 steps (50 step duration)
[2026-02-04T18:36:48Z INFO  prism_nhs::fused_engine]   Wavelengths: [280.0, 274.0, 258.0] nm
[2026-02-04T18:36:48Z INFO  prism_nhs::fused_engine]   ✓ UV-LIF coupling: ACTIVE (100% aromatic localization)
[2026-02-04T18:36:48Z INFO  nhs_rt_full] 
    [3/6] Running MD simulation (500000 steps)...
[2026-02-04T18:36:51Z INFO  prism_nhs::fused_engine] Captured 10 ensemble snapshots (avg quality: 0.44)
[2026-02-04T18:36:55Z INFO  prism_nhs::fused_engine] Captured 20 ensemble snapshots (avg quality: 0.46)
[2026-02-04T18:36:58Z INFO  prism_nhs::fused_engine] Captured 30 ensemble snapshots (avg quality: 0.46)
[2026-02-04T18:37:01Z INFO  prism_nhs::fused_engine] Captured 40 ensemble snapshots (avg quality: 0.47)
[2026-02-04T18:37:04Z INFO  prism_nhs::fused_engine] Captured 50 ensemble snapshots (avg quality: 0.47)
[2026-02-04T18:37:08Z INFO  prism_nhs::fused_engine] Captured 60 ensemble snapshots (avg quality: 0.48)
[2026-02-04T18:37:11Z INFO  prism_nhs::fused_engine] Captured 70 ensemble snapshots (avg quality: 0.48)
[2026-02-04T18:37:14Z INFO  prism_nhs::fused_engine] Captured 80 ensemble snapshots (avg quality: 0.48)
[2026-02-04T18:37:17Z INFO  prism_nhs::fused_engine] Captured 90 ensemble snapshots (avg quality: 0.48)
[2026-02-04T18:37:20Z INFO  prism_nhs::fused_engine] Captured 100 ensemble snapshots (avg quality: 0.48)
[2026-02-04T18:37:20Z INFO  prism_nhs::fused_engine] Step 10000: T=132.0K, spikes=2648020
[2026-02-04T18:37:23Z INFO  prism_nhs::fused_engine] Captured 110 ensemble snapshots (avg quality: 0.49)
[2026-02-04T18:37:26Z INFO  prism_nhs::fused_engine] Captured 120 ensemble snapshots (avg quality: 0.49)
[2026-02-04T18:37:29Z INFO  prism_nhs::fused_engine] Captured 130 ensemble snapshots (avg quality: 0.49)
[2026-02-04T18:37:32Z INFO  prism_nhs::fused_engine] Captured 140 ensemble snapshots (avg quality: 0.49)
[2026-02-04T18:37:35Z INFO  prism_nhs::fused_engine] Captured 150 ensemble snapshots (avg quality: 0.49)
[2026-02-04T18:37:38Z INFO  prism_nhs::fused_engine] Captured 160 ensemble snapshots (avg quality: 0.49)
[2026-02-04T18:37:41Z INFO  prism_nhs::fused_engine] Captured 170 ensemble snapshots (avg quality: 0.49)
[2026-02-04T18:37:44Z INFO  prism_nhs::fused_engine] Captured 180 ensemble snapshots (avg quality: 0.50)
[2026-02-04T18:37:46Z INFO  prism_nhs::fused_engine] Captured 190 ensemble snapshots (avg quality: 0.50)
[2026-02-04T18:37:49Z INFO  prism_nhs::fused_engine] Captured 200 ensemble snapshots (avg quality: 0.50)
[2026-02-04T18:37:49Z INFO  prism_nhs::fused_engine] Step 20000: T=164.0K, spikes=1975184
[2026-02-04T18:37:52Z INFO  prism_nhs::fused_engine] Captured 210 ensemble snapshots (avg quality: 0.50)
[2026-02-04T18:37:55Z INFO  prism_nhs::fused_engine] Captured 220 ensemble snapshots (avg quality: 0.50)
[2026-02-04T18:37:58Z INFO  prism_nhs::fused_engine] Captured 230 ensemble snapshots (avg quality: 0.50)
[2026-02-04T18:38:01Z INFO  prism_nhs::fused_engine] Captured 240 ensemble snapshots (avg quality: 0.50)
[2026-02-04T18:38:04Z INFO  prism_nhs::fused_engine] Captured 250 ensemble snapshots (avg quality: 0.50)
[2026-02-04T18:38:07Z INFO  prism_nhs::fused_engine] Captured 260 ensemble snapshots (avg quality: 0.51)
[2026-02-04T18:38:10Z INFO  prism_nhs::fused_engine] Captured 270 ensemble snapshots (avg quality: 0.51)
[2026-02-04T18:38:13Z INFO  prism_nhs::fused_engine] Captured 280 ensemble snapshots (avg quality: 0.51)
[2026-02-04T18:38:16Z INFO  prism_nhs::fused_engine] Captured 290 ensemble snapshots (avg quality: 0.51)
[2026-02-04T18:38:19Z INFO  prism_nhs::fused_engine] Captured 300 ensemble snapshots (avg quality: 0.51)
[2026-02-04T18:38:19Z INFO  prism_nhs::fused_engine] Step 30000: T=196.0K, spikes=1403695
[2026-02-04T18:38:22Z INFO  prism_nhs::fused_engine] Captured 310 ensemble snapshots (avg quality: 0.51)
[2026-02-04T18:38:25Z INFO  prism_nhs::fused_engine] Captured 320 ensemble snapshots (avg quality: 0.51)
[2026-02-04T18:38:27Z INFO  prism_nhs::fused_engine] Captured 330 ensemble snapshots (avg quality: 0.51)
[2026-02-04T18:38:30Z INFO  prism_nhs::fused_engine] Captured 340 ensemble snapshots (avg quality: 0.51)
[2026-02-04T18:38:33Z INFO  prism_nhs::fused_engine] Captured 350 ensemble snapshots (avg quality: 0.52)
[2026-02-04T18:38:36Z INFO  prism_nhs::fused_engine] Captured 360 ensemble snapshots (avg quality: 0.52)
[2026-02-04T18:38:39Z INFO  prism_nhs::fused_engine] Captured 370 ensemble snapshots (avg quality: 0.52)
[2026-02-04T18:38:42Z INFO  prism_nhs::fused_engine] Captured 380 ensemble snapshots (avg quality: 0.52)
[2026-02-04T18:38:45Z INFO  prism_nhs::fused_engine] Captured 390 ensemble snapshots (avg quality: 0.52)
[2026-02-04T18:38:48Z INFO  prism_nhs::fused_engine] Captured 400 ensemble snapshots (avg quality: 0.52)
[2026-02-04T18:38:48Z INFO  prism_nhs::fused_engine] Step 40000: T=228.0K, spikes=1095714
[2026-02-04T18:38:51Z INFO  prism_nhs::fused_engine] Captured 410 ensemble snapshots (avg quality: 0.52)
[2026-02-04T18:38:54Z INFO  prism_nhs::fused_engine] Captured 420 ensemble snapshots (avg quality: 0.52)
[2026-02-04T18:38:57Z INFO  prism_nhs::fused_engine] Captured 430 ensemble snapshots (avg quality: 0.53)
[2026-02-04T18:39:00Z INFO  prism_nhs::fused_engine] Captured 440 ensemble snapshots (avg quality: 0.53)
[2026-02-04T18:39:03Z INFO  prism_nhs::fused_engine] Captured 450 ensemble snapshots (avg quality: 0.53)
[2026-02-04T18:39:06Z INFO  prism_nhs::fused_engine] Captured 460 ensemble snapshots (avg quality: 0.53)
[2026-02-04T18:39:08Z INFO  prism_nhs::fused_engine] Captured 470 ensemble snapshots (avg quality: 0.53)
[2026-02-04T18:39:11Z INFO  prism_nhs::fused_engine] Captured 480 ensemble snapshots (avg quality: 0.53)
[2026-02-04T18:39:14Z INFO  prism_nhs::fused_engine] Captured 490 ensemble snapshots (avg quality: 0.53)
[2026-02-04T18:39:17Z INFO  prism_nhs::fused_engine] Captured 500 ensemble snapshots (avg quality: 0.53)
[2026-02-04T18:39:17Z INFO  prism_nhs::fused_engine] Step 50000: T=260.0K, spikes=1084721
[2026-02-04T18:39:20Z INFO  prism_nhs::fused_engine] Captured 510 ensemble snapshots (avg quality: 0.53)
[2026-02-04T18:39:23Z INFO  prism_nhs::fused_engine] Captured 520 ensemble snapshots (avg quality: 0.54)
[2026-02-04T18:39:26Z INFO  prism_nhs::fused_engine] Captured 530 ensemble snapshots (avg quality: 0.54)
[2026-02-04T18:39:29Z INFO  prism_nhs::fused_engine] Captured 540 ensemble snapshots (avg quality: 0.54)
[2026-02-04T18:39:32Z INFO  prism_nhs::fused_engine] Captured 550 ensemble snapshots (avg quality: 0.54)
[2026-02-04T18:39:35Z INFO  prism_nhs::fused_engine] Captured 560 ensemble snapshots (avg quality: 0.54)
[2026-02-04T18:39:38Z INFO  prism_nhs::fused_engine] Captured 570 ensemble snapshots (avg quality: 0.54)
[2026-02-04T18:39:41Z INFO  prism_nhs::fused_engine] Captured 580 ensemble snapshots (avg quality: 0.54)
[2026-02-04T18:39:44Z INFO  prism_nhs::fused_engine] Captured 590 ensemble snapshots (avg quality: 0.54)
[2026-02-04T18:39:47Z INFO  prism_nhs::fused_engine] Captured 600 ensemble snapshots (avg quality: 0.54)
[2026-02-04T18:39:47Z INFO  prism_nhs::fused_engine] Step 60000: T=292.0K, spikes=1073836
[2026-02-04T18:39:49Z INFO  prism_nhs::fused_engine] Captured 610 ensemble snapshots (avg quality: 0.55)
[2026-02-04T18:39:52Z INFO  prism_nhs::fused_engine] Captured 620 ensemble snapshots (avg quality: 0.55)
[2026-02-04T18:39:55Z INFO  prism_nhs::fused_engine] Captured 630 ensemble snapshots (avg quality: 0.55)
[2026-02-04T18:39:58Z INFO  prism_nhs::fused_engine] Captured 640 ensemble snapshots (avg quality: 0.55)
[2026-02-04T18:40:01Z INFO  prism_nhs::fused_engine] Captured 650 ensemble snapshots (avg quality: 0.55)
[2026-02-04T18:40:04Z INFO  prism_nhs::fused_engine] Captured 660 ensemble snapshots (avg quality: 0.55)
[2026-02-04T18:40:07Z INFO  prism_nhs::fused_engine] Captured 670 ensemble snapshots (avg quality: 0.55)
[2026-02-04T18:40:10Z INFO  prism_nhs::fused_engine] Captured 680 ensemble snapshots (avg quality: 0.55)
[2026-02-04T18:40:13Z INFO  prism_nhs::fused_engine] Captured 690 ensemble snapshots (avg quality: 0.55)
[2026-02-04T18:40:16Z INFO  prism_nhs::fused_engine] Captured 700 ensemble snapshots (avg quality: 0.56)
[2026-02-04T18:40:16Z INFO  prism_nhs::fused_engine] Step 70000: T=300.0K, spikes=1063945
[2026-02-04T18:40:19Z INFO  prism_nhs::fused_engine] Captured 710 ensemble snapshots (avg quality: 0.56)
[2026-02-04T18:40:22Z INFO  prism_nhs::fused_engine] Captured 720 ensemble snapshots (avg quality: 0.56)
[2026-02-04T18:40:25Z INFO  prism_nhs::fused_engine] Captured 730 ensemble snapshots (avg quality: 0.56)
[2026-02-04T18:40:28Z INFO  prism_nhs::fused_engine] Captured 740 ensemble snapshots (avg quality: 0.56)
[2026-02-04T18:40:30Z INFO  prism_nhs::fused_engine] Captured 750 ensemble snapshots (avg quality: 0.56)
[2026-02-04T18:40:33Z INFO  prism_nhs::fused_engine] Captured 760 ensemble snapshots (avg quality: 0.56)
[2026-02-04T18:40:36Z INFO  prism_nhs::fused_engine] Captured 770 ensemble snapshots (avg quality: 0.56)
[2026-02-04T18:40:39Z INFO  prism_nhs::fused_engine] Captured 780 ensemble snapshots (avg quality: 0.56)
[2026-02-04T18:40:42Z INFO  prism_nhs::fused_engine] Captured 790 ensemble snapshots (avg quality: 0.56)
[2026-02-04T18:40:45Z INFO  prism_nhs::fused_engine] Captured 800 ensemble snapshots (avg quality: 0.56)
[2026-02-04T18:40:45Z INFO  prism_nhs::fused_engine] Step 80000: T=300.0K, spikes=1053504
[2026-02-04T18:40:48Z INFO  prism_nhs::fused_engine] Captured 810 ensemble snapshots (avg quality: 0.56)
[2026-02-04T18:40:51Z INFO  prism_nhs::fused_engine] Captured 820 ensemble snapshots (avg quality: 0.56)
[2026-02-04T18:40:54Z INFO  prism_nhs::fused_engine] Captured 830 ensemble snapshots (avg quality: 0.57)
[2026-02-04T18:40:57Z INFO  prism_nhs::fused_engine] Captured 840 ensemble snapshots (avg quality: 0.57)
[2026-02-04T18:41:00Z INFO  prism_nhs::fused_engine] Captured 850 ensemble snapshots (avg quality: 0.57)
[2026-02-04T18:41:03Z INFO  prism_nhs::fused_engine] Captured 860 ensemble snapshots (avg quality: 0.57)
[2026-02-04T18:41:06Z INFO  prism_nhs::fused_engine] Captured 870 ensemble snapshots (avg quality: 0.57)
[2026-02-04T18:41:09Z INFO  prism_nhs::fused_engine] Captured 880 ensemble snapshots (avg quality: 0.57)
[2026-02-04T18:41:11Z INFO  prism_nhs::fused_engine] Captured 890 ensemble snapshots (avg quality: 0.57)
[2026-02-04T18:41:14Z INFO  prism_nhs::fused_engine] Captured 900 ensemble snapshots (avg quality: 0.57)
[2026-02-04T18:41:14Z INFO  prism_nhs::fused_engine] Step 90000: T=300.0K, spikes=1042425
[2026-02-04T18:41:17Z INFO  prism_nhs::fused_engine] Captured 910 ensemble snapshots (avg quality: 0.57)
[2026-02-04T18:41:20Z INFO  prism_nhs::fused_engine] Captured 920 ensemble snapshots (avg quality: 0.57)
[2026-02-04T18:41:23Z INFO  prism_nhs::fused_engine] Captured 930 ensemble snapshots (avg quality: 0.57)
[2026-02-04T18:41:26Z INFO  prism_nhs::fused_engine] Captured 940 ensemble snapshots (avg quality: 0.57)
[2026-02-04T18:41:29Z INFO  prism_nhs::fused_engine] Captured 950 ensemble snapshots (avg quality: 0.57)
[2026-02-04T18:41:32Z INFO  prism_nhs::fused_engine] Captured 960 ensemble snapshots (avg quality: 0.57)
[2026-02-04T18:41:35Z INFO  prism_nhs::fused_engine] Captured 970 ensemble snapshots (avg quality: 0.57)
[2026-02-04T18:41:38Z INFO  prism_nhs::fused_engine] Captured 980 ensemble snapshots (avg quality: 0.57)
[2026-02-04T18:41:41Z INFO  prism_nhs::fused_engine] Captured 990 ensemble snapshots (avg quality: 0.57)
[2026-02-04T18:41:44Z INFO  prism_nhs::fused_engine] Captured 1000 ensemble snapshots (avg quality: 0.57)
[2026-02-04T18:41:44Z INFO  prism_nhs::fused_engine] Step 100000: T=300.0K, spikes=1032773
[2026-02-04T18:41:47Z INFO  prism_nhs::fused_engine] Captured 1010 ensemble snapshots (avg quality: 0.57)
[2026-02-04T18:41:49Z INFO  prism_nhs::fused_engine] Captured 1020 ensemble snapshots (avg quality: 0.57)
[2026-02-04T18:41:52Z INFO  prism_nhs::fused_engine] Captured 1030 ensemble snapshots (avg quality: 0.58)
[2026-02-04T18:41:55Z INFO  prism_nhs::fused_engine] Captured 1040 ensemble snapshots (avg quality: 0.58)
[2026-02-04T18:41:58Z INFO  prism_nhs::fused_engine] Captured 1050 ensemble snapshots (avg quality: 0.58)
[2026-02-04T18:42:01Z INFO  prism_nhs::fused_engine] Captured 1060 ensemble snapshots (avg quality: 0.58)
[2026-02-04T18:42:04Z INFO  prism_nhs::fused_engine] Captured 1070 ensemble snapshots (avg quality: 0.58)
[2026-02-04T18:42:07Z INFO  prism_nhs::fused_engine] Captured 1080 ensemble snapshots (avg quality: 0.58)
[2026-02-04T18:42:10Z INFO  prism_nhs::fused_engine] Captured 1090 ensemble snapshots (avg quality: 0.58)
[2026-02-04T18:42:13Z INFO  prism_nhs::fused_engine] Captured 1100 ensemble snapshots (avg quality: 0.58)
[2026-02-04T18:42:13Z INFO  prism_nhs::fused_engine] Step 110000: T=300.0K, spikes=1023464
[2026-02-04T18:42:16Z INFO  prism_nhs::fused_engine] Captured 1110 ensemble snapshots (avg quality: 0.58)
[2026-02-04T18:42:19Z INFO  prism_nhs::fused_engine] Captured 1120 ensemble snapshots (avg quality: 0.58)
[2026-02-04T18:42:22Z INFO  prism_nhs::fused_engine] Captured 1130 ensemble snapshots (avg quality: 0.58)
[2026-02-04T18:42:25Z INFO  prism_nhs::fused_engine] Captured 1140 ensemble snapshots (avg quality: 0.58)
[2026-02-04T18:42:28Z INFO  prism_nhs::fused_engine] Captured 1150 ensemble snapshots (avg quality: 0.58)
[2026-02-04T18:42:30Z INFO  prism_nhs::fused_engine] Captured 1160 ensemble snapshots (avg quality: 0.58)
[2026-02-04T18:42:33Z INFO  prism_nhs::fused_engine] Captured 1170 ensemble snapshots (avg quality: 0.58)
[2026-02-04T18:42:36Z INFO  prism_nhs::fused_engine] Captured 1180 ensemble snapshots (avg quality: 0.58)
[2026-02-04T18:42:39Z INFO  prism_nhs::fused_engine] Captured 1190 ensemble snapshots (avg quality: 0.58)
[2026-02-04T18:42:42Z INFO  prism_nhs::fused_engine] Captured 1200 ensemble snapshots (avg quality: 0.58)
[2026-02-04T18:42:42Z INFO  prism_nhs::fused_engine] Step 120000: T=300.0K, spikes=1012247
[2026-02-04T18:42:45Z INFO  prism_nhs::fused_engine] Captured 1210 ensemble snapshots (avg quality: 0.58)
[2026-02-04T18:42:48Z INFO  prism_nhs::fused_engine] Captured 1220 ensemble snapshots (avg quality: 0.58)
[2026-02-04T18:42:51Z INFO  prism_nhs::fused_engine] Captured 1230 ensemble snapshots (avg quality: 0.58)
[2026-02-04T18:42:54Z INFO  prism_nhs::fused_engine] Captured 1240 ensemble snapshots (avg quality: 0.58)
[2026-02-04T18:42:57Z INFO  prism_nhs::fused_engine] Captured 1250 ensemble snapshots (avg quality: 0.58)
[2026-02-04T18:43:00Z INFO  prism_nhs::fused_engine] Captured 1260 ensemble snapshots (avg quality: 0.58)
[2026-02-04T18:43:03Z INFO  prism_nhs::fused_engine] Captured 1270 ensemble snapshots (avg quality: 0.58)
[2026-02-04T18:43:06Z INFO  prism_nhs::fused_engine] Captured 1280 ensemble snapshots (avg quality: 0.58)
[2026-02-04T18:43:09Z INFO  prism_nhs::fused_engine] Captured 1290 ensemble snapshots (avg quality: 0.58)
[2026-02-04T18:43:11Z INFO  prism_nhs::fused_engine] Captured 1300 ensemble snapshots (avg quality: 0.58)
[2026-02-04T18:43:11Z INFO  prism_nhs::fused_engine] Step 130000: T=300.0K, spikes=1001751
[2026-02-04T18:43:14Z INFO  prism_nhs::fused_engine] Captured 1310 ensemble snapshots (avg quality: 0.58)
[2026-02-04T18:43:17Z INFO  prism_nhs::fused_engine] Captured 1320 ensemble snapshots (avg quality: 0.58)
[2026-02-04T18:43:20Z INFO  prism_nhs::fused_engine] Captured 1330 ensemble snapshots (avg quality: 0.58)
[2026-02-04T18:43:23Z INFO  prism_nhs::fused_engine] Captured 1340 ensemble snapshots (avg quality: 0.58)
[2026-02-04T18:43:26Z INFO  prism_nhs::fused_engine] Captured 1350 ensemble snapshots (avg quality: 0.59)
[2026-02-04T18:43:29Z INFO  prism_nhs::fused_engine] Captured 1360 ensemble snapshots (avg quality: 0.59)
[2026-02-04T18:43:32Z INFO  prism_nhs::fused_engine] Captured 1370 ensemble snapshots (avg quality: 0.59)
[2026-02-04T18:43:35Z INFO  prism_nhs::fused_engine] Captured 1380 ensemble snapshots (avg quality: 0.59)
[2026-02-04T18:43:38Z INFO  prism_nhs::fused_engine] Captured 1390 ensemble snapshots (avg quality: 0.59)
[2026-02-04T18:43:41Z INFO  prism_nhs::fused_engine] Captured 1400 ensemble snapshots (avg quality: 0.59)
[2026-02-04T18:43:41Z INFO  prism_nhs::fused_engine] Step 140000: T=300.0K, spikes=991156
[2026-02-04T18:43:44Z INFO  prism_nhs::fused_engine] Captured 1410 ensemble snapshots (avg quality: 0.59)
[2026-02-04T18:43:47Z INFO  prism_nhs::fused_engine] Captured 1420 ensemble snapshots (avg quality: 0.59)
[2026-02-04T18:43:50Z INFO  prism_nhs::fused_engine] Captured 1430 ensemble snapshots (avg quality: 0.59)
[2026-02-04T18:43:52Z INFO  prism_nhs::fused_engine] Captured 1440 ensemble snapshots (avg quality: 0.59)
[2026-02-04T18:43:55Z INFO  prism_nhs::fused_engine] Captured 1450 ensemble snapshots (avg quality: 0.59)
[2026-02-04T18:43:58Z INFO  prism_nhs::fused_engine] Captured 1460 ensemble snapshots (avg quality: 0.59)
[2026-02-04T18:44:01Z INFO  prism_nhs::fused_engine] Captured 1470 ensemble snapshots (avg quality: 0.59)
[2026-02-04T18:44:04Z INFO  prism_nhs::fused_engine] Captured 1480 ensemble snapshots (avg quality: 0.59)
[2026-02-04T18:44:07Z INFO  prism_nhs::fused_engine] Captured 1490 ensemble snapshots (avg quality: 0.59)
[2026-02-04T18:44:10Z INFO  prism_nhs::fused_engine] Captured 1500 ensemble snapshots (avg quality: 0.59)
[2026-02-04T18:44:10Z INFO  prism_nhs::fused_engine] Step 150000: T=300.0K, spikes=981621
[2026-02-04T18:44:13Z INFO  prism_nhs::fused_engine] Captured 1510 ensemble snapshots (avg quality: 0.59)
[2026-02-04T18:44:16Z INFO  prism_nhs::fused_engine] Captured 1520 ensemble snapshots (avg quality: 0.59)
[2026-02-04T18:44:19Z INFO  prism_nhs::fused_engine] Captured 1530 ensemble snapshots (avg quality: 0.59)
[2026-02-04T18:44:22Z INFO  prism_nhs::fused_engine] Captured 1540 ensemble snapshots (avg quality: 0.59)
[2026-02-04T18:44:25Z INFO  prism_nhs::fused_engine] Captured 1550 ensemble snapshots (avg quality: 0.59)
[2026-02-04T18:44:28Z INFO  prism_nhs::fused_engine] Captured 1560 ensemble snapshots (avg quality: 0.59)
[2026-02-04T18:44:31Z INFO  prism_nhs::fused_engine] Captured 1570 ensemble snapshots (avg quality: 0.59)
[2026-02-04T18:44:33Z INFO  prism_nhs::fused_engine] Captured 1580 ensemble snapshots (avg quality: 0.59)
[2026-02-04T18:44:36Z INFO  prism_nhs::fused_engine] Captured 1590 ensemble snapshots (avg quality: 0.59)
[2026-02-04T18:44:39Z INFO  prism_nhs::fused_engine] Captured 1600 ensemble snapshots (avg quality: 0.59)
[2026-02-04T18:44:39Z INFO  prism_nhs::fused_engine] Step 160000: T=300.0K, spikes=970813
[2026-02-04T18:44:42Z INFO  prism_nhs::fused_engine] Captured 1610 ensemble snapshots (avg quality: 0.59)
[2026-02-04T18:44:45Z INFO  prism_nhs::fused_engine] Captured 1620 ensemble snapshots (avg quality: 0.59)
[2026-02-04T18:44:48Z INFO  prism_nhs::fused_engine] Captured 1630 ensemble snapshots (avg quality: 0.59)
[2026-02-04T18:44:51Z INFO  prism_nhs::fused_engine] Captured 1640 ensemble snapshots (avg quality: 0.59)
[2026-02-04T18:44:54Z INFO  prism_nhs::fused_engine] Captured 1650 ensemble snapshots (avg quality: 0.59)
[2026-02-04T18:44:57Z INFO  prism_nhs::fused_engine] Captured 1660 ensemble snapshots (avg quality: 0.59)
[2026-02-04T18:45:00Z INFO  prism_nhs::fused_engine] Captured 1670 ensemble snapshots (avg quality: 0.59)
[2026-02-04T18:45:03Z INFO  prism_nhs::fused_engine] Captured 1680 ensemble snapshots (avg quality: 0.59)
[2026-02-04T18:45:06Z INFO  prism_nhs::fused_engine] Captured 1690 ensemble snapshots (avg quality: 0.59)
[2026-02-04T18:45:09Z INFO  prism_nhs::fused_engine] Captured 1700 ensemble snapshots (avg quality: 0.59)
[2026-02-04T18:45:09Z INFO  prism_nhs::fused_engine] Step 170000: T=300.0K, spikes=962032
[2026-02-04T18:45:12Z INFO  prism_nhs::fused_engine] Captured 1710 ensemble snapshots (avg quality: 0.59)
[2026-02-04T18:45:14Z INFO  prism_nhs::fused_engine] Captured 1720 ensemble snapshots (avg quality: 0.59)
[2026-02-04T18:45:17Z INFO  prism_nhs::fused_engine] Captured 1730 ensemble snapshots (avg quality: 0.59)
[2026-02-04T18:45:20Z INFO  prism_nhs::fused_engine] Captured 1740 ensemble snapshots (avg quality: 0.59)
[2026-02-04T18:45:23Z INFO  prism_nhs::fused_engine] Captured 1750 ensemble snapshots (avg quality: 0.59)
[2026-02-04T18:45:26Z INFO  prism_nhs::fused_engine] Captured 1760 ensemble snapshots (avg quality: 0.59)
[2026-02-04T18:45:29Z INFO  prism_nhs::fused_engine] Captured 1770 ensemble snapshots (avg quality: 0.59)
[2026-02-04T18:45:32Z INFO  prism_nhs::fused_engine] Captured 1780 ensemble snapshots (avg quality: 0.59)
[2026-02-04T18:45:35Z INFO  prism_nhs::fused_engine] Captured 1790 ensemble snapshots (avg quality: 0.59)
[2026-02-04T18:45:38Z INFO  prism_nhs::fused_engine] Captured 1800 ensemble snapshots (avg quality: 0.59)
[2026-02-04T18:45:38Z INFO  prism_nhs::fused_engine] Step 180000: T=300.0K, spikes=951526
[2026-02-04T18:45:41Z INFO  prism_nhs::fused_engine] Captured 1810 ensemble snapshots (avg quality: 0.59)
[2026-02-04T18:45:44Z INFO  prism_nhs::fused_engine] Captured 1820 ensemble snapshots (avg quality: 0.59)
[2026-02-04T18:45:47Z INFO  prism_nhs::fused_engine] Captured 1830 ensemble snapshots (avg quality: 0.59)
[2026-02-04T18:45:50Z INFO  prism_nhs::fused_engine] Captured 1840 ensemble snapshots (avg quality: 0.59)
[2026-02-04T18:45:53Z INFO  prism_nhs::fused_engine] Captured 1850 ensemble snapshots (avg quality: 0.59)
[2026-02-04T18:45:55Z INFO  prism_nhs::fused_engine] Captured 1860 ensemble snapshots (avg quality: 0.59)
[2026-02-04T18:45:58Z INFO  prism_nhs::fused_engine] Captured 1870 ensemble snapshots (avg quality: 0.59)
[2026-02-04T18:46:01Z INFO  prism_nhs::fused_engine] Captured 1880 ensemble snapshots (avg quality: 0.59)
[2026-02-04T18:46:04Z INFO  prism_nhs::fused_engine] Captured 1890 ensemble snapshots (avg quality: 0.60)
[2026-02-04T18:46:07Z INFO  prism_nhs::fused_engine] Captured 1900 ensemble snapshots (avg quality: 0.60)
[2026-02-04T18:46:07Z INFO  prism_nhs::fused_engine] Step 190000: T=300.0K, spikes=942677
[2026-02-04T18:46:10Z INFO  prism_nhs::fused_engine] Captured 1910 ensemble snapshots (avg quality: 0.60)
[2026-02-04T18:46:13Z INFO  prism_nhs::fused_engine] Captured 1920 ensemble snapshots (avg quality: 0.60)
[2026-02-04T18:46:16Z INFO  prism_nhs::fused_engine] Captured 1930 ensemble snapshots (avg quality: 0.60)
[2026-02-04T18:46:19Z INFO  prism_nhs::fused_engine] Captured 1940 ensemble snapshots (avg quality: 0.60)
[2026-02-04T18:46:22Z INFO  prism_nhs::fused_engine] Captured 1950 ensemble snapshots (avg quality: 0.60)
[2026-02-04T18:46:25Z INFO  prism_nhs::fused_engine] Captured 1960 ensemble snapshots (avg quality: 0.60)
[2026-02-04T18:46:28Z INFO  prism_nhs::fused_engine] Captured 1970 ensemble snapshots (avg quality: 0.60)
[2026-02-04T18:46:31Z INFO  prism_nhs::fused_engine] Captured 1980 ensemble snapshots (avg quality: 0.60)
[2026-02-04T18:46:34Z INFO  prism_nhs::fused_engine] Captured 1990 ensemble snapshots (avg quality: 0.60)
[2026-02-04T18:46:36Z INFO  prism_nhs::fused_engine] Captured 2000 ensemble snapshots (avg quality: 0.60)
[2026-02-04T18:46:36Z INFO  prism_nhs::fused_engine] Step 200000: T=300.0K, spikes=934432
[2026-02-04T18:46:39Z INFO  prism_nhs::fused_engine] Captured 2010 ensemble snapshots (avg quality: 0.60)
[2026-02-04T18:46:42Z INFO  prism_nhs::fused_engine] Captured 2020 ensemble snapshots (avg quality: 0.60)
[2026-02-04T18:46:45Z INFO  prism_nhs::fused_engine] Captured 2030 ensemble snapshots (avg quality: 0.60)
[2026-02-04T18:46:48Z INFO  prism_nhs::fused_engine] Captured 2040 ensemble snapshots (avg quality: 0.60)
[2026-02-04T18:46:51Z INFO  prism_nhs::fused_engine] Captured 2050 ensemble snapshots (avg quality: 0.60)
[2026-02-04T18:46:54Z INFO  prism_nhs::fused_engine] Captured 2060 ensemble snapshots (avg quality: 0.60)
[2026-02-04T18:46:57Z INFO  prism_nhs::fused_engine] Captured 2070 ensemble snapshots (avg quality: 0.60)
[2026-02-04T18:47:00Z INFO  prism_nhs::fused_engine] Captured 2080 ensemble snapshots (avg quality: 0.60)
[2026-02-04T18:47:03Z INFO  prism_nhs::fused_engine] Captured 2090 ensemble snapshots (avg quality: 0.60)
[2026-02-04T18:47:06Z INFO  prism_nhs::fused_engine] Captured 2100 ensemble snapshots (avg quality: 0.60)
[2026-02-04T18:47:06Z INFO  prism_nhs::fused_engine] Step 210000: T=300.0K, spikes=926478
[2026-02-04T18:47:09Z INFO  prism_nhs::fused_engine] Captured 2110 ensemble snapshots (avg quality: 0.60)
[2026-02-04T18:47:12Z INFO  prism_nhs::fused_engine] Captured 2120 ensemble snapshots (avg quality: 0.60)
[2026-02-04T18:47:15Z INFO  prism_nhs::fused_engine] Captured 2130 ensemble snapshots (avg quality: 0.60)
[2026-02-04T18:47:17Z INFO  prism_nhs::fused_engine] Captured 2140 ensemble snapshots (avg quality: 0.60)
[2026-02-04T18:47:20Z INFO  prism_nhs::fused_engine] Captured 2150 ensemble snapshots (avg quality: 0.60)
[2026-02-04T18:47:23Z INFO  prism_nhs::fused_engine] Captured 2160 ensemble snapshots (avg quality: 0.60)
[2026-02-04T18:47:26Z INFO  prism_nhs::fused_engine] Captured 2170 ensemble snapshots (avg quality: 0.60)
[2026-02-04T18:47:29Z INFO  prism_nhs::fused_engine] Captured 2180 ensemble snapshots (avg quality: 0.60)
[2026-02-04T18:47:32Z INFO  prism_nhs::fused_engine] Captured 2190 ensemble snapshots (avg quality: 0.60)
[2026-02-04T18:47:35Z INFO  prism_nhs::fused_engine] Captured 2200 ensemble snapshots (avg quality: 0.60)
[2026-02-04T18:47:35Z INFO  prism_nhs::fused_engine] Step 220000: T=300.0K, spikes=917902
[2026-02-04T18:47:38Z INFO  prism_nhs::fused_engine] Captured 2210 ensemble snapshots (avg quality: 0.60)
[2026-02-04T18:47:41Z INFO  prism_nhs::fused_engine] Captured 2220 ensemble snapshots (avg quality: 0.60)
[2026-02-04T18:47:44Z INFO  prism_nhs::fused_engine] Captured 2230 ensemble snapshots (avg quality: 0.60)
[2026-02-04T18:47:47Z INFO  prism_nhs::fused_engine] Captured 2240 ensemble snapshots (avg quality: 0.60)
[2026-02-04T18:47:50Z INFO  prism_nhs::fused_engine] Captured 2250 ensemble snapshots (avg quality: 0.60)
[2026-02-04T18:47:53Z INFO  prism_nhs::fused_engine] Captured 2260 ensemble snapshots (avg quality: 0.60)
[2026-02-04T18:47:56Z INFO  prism_nhs::fused_engine] Captured 2270 ensemble snapshots (avg quality: 0.60)
[2026-02-04T18:47:59Z INFO  prism_nhs::fused_engine] Captured 2280 ensemble snapshots (avg quality: 0.60)
[2026-02-04T18:48:02Z INFO  prism_nhs::fused_engine] Captured 2290 ensemble snapshots (avg quality: 0.60)
[2026-02-04T18:48:04Z INFO  prism_nhs::fused_engine] Captured 2300 ensemble snapshots (avg quality: 0.60)
[2026-02-04T18:48:04Z INFO  prism_nhs::fused_engine] Step 230000: T=300.0K, spikes=907607
[2026-02-04T18:48:07Z INFO  prism_nhs::fused_engine] Captured 2310 ensemble snapshots (avg quality: 0.60)
[2026-02-04T18:48:10Z INFO  prism_nhs::fused_engine] Captured 2320 ensemble snapshots (avg quality: 0.60)
[2026-02-04T18:48:13Z INFO  prism_nhs::fused_engine] Captured 2330 ensemble snapshots (avg quality: 0.60)
[2026-02-04T18:48:16Z INFO  prism_nhs::fused_engine] Captured 2340 ensemble snapshots (avg quality: 0.60)
[2026-02-04T18:48:19Z INFO  prism_nhs::fused_engine] Captured 2350 ensemble snapshots (avg quality: 0.60)
[2026-02-04T18:48:22Z INFO  prism_nhs::fused_engine] Captured 2360 ensemble snapshots (avg quality: 0.60)
[2026-02-04T18:48:25Z INFO  prism_nhs::fused_engine] Captured 2370 ensemble snapshots (avg quality: 0.60)
[2026-02-04T18:48:28Z INFO  prism_nhs::fused_engine] Captured 2380 ensemble snapshots (avg quality: 0.60)
[2026-02-04T18:48:31Z INFO  prism_nhs::fused_engine] Captured 2390 ensemble snapshots (avg quality: 0.60)
[2026-02-04T18:48:34Z INFO  prism_nhs::fused_engine] Captured 2400 ensemble snapshots (avg quality: 0.60)
[2026-02-04T18:48:34Z INFO  prism_nhs::fused_engine] Step 240000: T=300.0K, spikes=898761
[2026-02-04T18:48:37Z INFO  prism_nhs::fused_engine] Captured 2410 ensemble snapshots (avg quality: 0.60)
[2026-02-04T18:48:40Z INFO  prism_nhs::fused_engine] Captured 2420 ensemble snapshots (avg quality: 0.60)
[2026-02-04T18:48:43Z INFO  prism_nhs::fused_engine] Captured 2430 ensemble snapshots (avg quality: 0.60)
[2026-02-04T18:48:46Z INFO  prism_nhs::fused_engine] Captured 2440 ensemble snapshots (avg quality: 0.60)
[2026-02-04T18:48:49Z INFO  prism_nhs::fused_engine] Captured 2450 ensemble snapshots (avg quality: 0.60)
[2026-02-04T18:48:51Z INFO  prism_nhs::fused_engine] Captured 2460 ensemble snapshots (avg quality: 0.60)
[2026-02-04T18:48:54Z INFO  prism_nhs::fused_engine] Captured 2470 ensemble snapshots (avg quality: 0.60)
[2026-02-04T18:48:57Z INFO  prism_nhs::fused_engine] Captured 2480 ensemble snapshots (avg quality: 0.60)
[2026-02-04T18:49:00Z INFO  prism_nhs::fused_engine] Captured 2490 ensemble snapshots (avg quality: 0.60)
[2026-02-04T18:49:03Z INFO  prism_nhs::fused_engine] Captured 2500 ensemble snapshots (avg quality: 0.60)
[2026-02-04T18:49:03Z INFO  prism_nhs::fused_engine] Step 250000: T=300.0K, spikes=889468
[2026-02-04T18:49:06Z INFO  prism_nhs::fused_engine] Captured 2510 ensemble snapshots (avg quality: 0.60)
[2026-02-04T18:49:09Z INFO  prism_nhs::fused_engine] Captured 2520 ensemble snapshots (avg quality: 0.60)
[2026-02-04T18:49:12Z INFO  prism_nhs::fused_engine] Captured 2530 ensemble snapshots (avg quality: 0.60)
[2026-02-04T18:49:15Z INFO  prism_nhs::fused_engine] Captured 2540 ensemble snapshots (avg quality: 0.60)
[2026-02-04T18:49:18Z INFO  prism_nhs::fused_engine] Captured 2550 ensemble snapshots (avg quality: 0.60)
[2026-02-04T18:49:21Z INFO  prism_nhs::fused_engine] Captured 2560 ensemble snapshots (avg quality: 0.60)
[2026-02-04T18:49:24Z INFO  prism_nhs::fused_engine] Captured 2570 ensemble snapshots (avg quality: 0.60)
[2026-02-04T18:49:27Z INFO  prism_nhs::fused_engine] Captured 2580 ensemble snapshots (avg quality: 0.60)
[2026-02-04T18:49:30Z INFO  prism_nhs::fused_engine] Captured 2590 ensemble snapshots (avg quality: 0.60)
[2026-02-04T18:49:33Z INFO  prism_nhs::fused_engine] Captured 2600 ensemble snapshots (avg quality: 0.60)
[2026-02-04T18:49:33Z INFO  prism_nhs::fused_engine] Step 260000: T=300.0K, spikes=882902
[2026-02-04T18:49:35Z INFO  prism_nhs::fused_engine] Captured 2610 ensemble snapshots (avg quality: 0.60)
[2026-02-04T18:49:38Z INFO  prism_nhs::fused_engine] Captured 2620 ensemble snapshots (avg quality: 0.60)
[2026-02-04T18:49:41Z INFO  prism_nhs::fused_engine] Captured 2630 ensemble snapshots (avg quality: 0.60)
[2026-02-04T18:49:44Z INFO  prism_nhs::fused_engine] Captured 2640 ensemble snapshots (avg quality: 0.60)
[2026-02-04T18:49:47Z INFO  prism_nhs::fused_engine] Captured 2650 ensemble snapshots (avg quality: 0.60)
[2026-02-04T18:49:50Z INFO  prism_nhs::fused_engine] Captured 2660 ensemble snapshots (avg quality: 0.60)
[2026-02-04T18:49:53Z INFO  prism_nhs::fused_engine] Captured 2670 ensemble snapshots (avg quality: 0.60)
[2026-02-04T18:49:56Z INFO  prism_nhs::fused_engine] Captured 2680 ensemble snapshots (avg quality: 0.60)
[2026-02-04T18:49:59Z INFO  prism_nhs::fused_engine] Captured 2690 ensemble snapshots (avg quality: 0.60)
[2026-02-04T18:50:02Z INFO  prism_nhs::fused_engine] Captured 2700 ensemble snapshots (avg quality: 0.60)
[2026-02-04T18:50:02Z INFO  prism_nhs::fused_engine] Step 270000: T=300.0K, spikes=874300
[2026-02-04T18:50:05Z INFO  prism_nhs::fused_engine] Captured 2710 ensemble snapshots (avg quality: 0.60)
[2026-02-04T18:50:08Z INFO  prism_nhs::fused_engine] Captured 2720 ensemble snapshots (avg quality: 0.60)
[2026-02-04T18:50:11Z INFO  prism_nhs::fused_engine] Captured 2730 ensemble snapshots (avg quality: 0.60)
[2026-02-04T18:50:14Z INFO  prism_nhs::fused_engine] Captured 2740 ensemble snapshots (avg quality: 0.60)
[2026-02-04T18:50:17Z INFO  prism_nhs::fused_engine] Captured 2750 ensemble snapshots (avg quality: 0.60)
[2026-02-04T18:50:19Z INFO  prism_nhs::fused_engine] Captured 2760 ensemble snapshots (avg quality: 0.60)
[2026-02-04T18:50:22Z INFO  prism_nhs::fused_engine] Captured 2770 ensemble snapshots (avg quality: 0.60)
[2026-02-04T18:50:25Z INFO  prism_nhs::fused_engine] Captured 2780 ensemble snapshots (avg quality: 0.60)
[2026-02-04T18:50:28Z INFO  prism_nhs::fused_engine] Captured 2790 ensemble snapshots (avg quality: 0.60)
[2026-02-04T18:50:31Z INFO  prism_nhs::fused_engine] Captured 2800 ensemble snapshots (avg quality: 0.60)
[2026-02-04T18:50:31Z INFO  prism_nhs::fused_engine] Step 280000: T=300.0K, spikes=867050
[2026-02-04T18:50:34Z INFO  prism_nhs::fused_engine] Captured 2810 ensemble snapshots (avg quality: 0.60)
[2026-02-04T18:50:37Z INFO  prism_nhs::fused_engine] Captured 2820 ensemble snapshots (avg quality: 0.60)
[2026-02-04T18:50:40Z INFO  prism_nhs::fused_engine] Captured 2830 ensemble snapshots (avg quality: 0.60)
[2026-02-04T18:50:43Z INFO  prism_nhs::fused_engine] Captured 2840 ensemble snapshots (avg quality: 0.60)
[2026-02-04T18:50:46Z INFO  prism_nhs::fused_engine] Captured 2850 ensemble snapshots (avg quality: 0.60)
[2026-02-04T18:50:49Z INFO  prism_nhs::fused_engine] Captured 2860 ensemble snapshots (avg quality: 0.60)
[2026-02-04T18:50:52Z INFO  prism_nhs::fused_engine] Captured 2870 ensemble snapshots (avg quality: 0.60)
[2026-02-04T18:50:55Z INFO  prism_nhs::fused_engine] Captured 2880 ensemble snapshots (avg quality: 0.60)
[2026-02-04T18:50:58Z INFO  prism_nhs::fused_engine] Captured 2890 ensemble snapshots (avg quality: 0.61)
[2026-02-04T18:51:00Z INFO  prism_nhs::fused_engine] Captured 2900 ensemble snapshots (avg quality: 0.61)
[2026-02-04T18:51:00Z INFO  prism_nhs::fused_engine] Step 290000: T=300.0K, spikes=860153
[2026-02-04T18:51:03Z INFO  prism_nhs::fused_engine] Captured 2910 ensemble snapshots (avg quality: 0.61)
[2026-02-04T18:51:06Z INFO  prism_nhs::fused_engine] Captured 2920 ensemble snapshots (avg quality: 0.61)
[2026-02-04T18:51:09Z INFO  prism_nhs::fused_engine] Captured 2930 ensemble snapshots (avg quality: 0.61)
[2026-02-04T18:51:12Z INFO  prism_nhs::fused_engine] Captured 2940 ensemble snapshots (avg quality: 0.61)
[2026-02-04T18:51:15Z INFO  prism_nhs::fused_engine] Captured 2950 ensemble snapshots (avg quality: 0.61)
[2026-02-04T18:51:18Z INFO  prism_nhs::fused_engine] Captured 2960 ensemble snapshots (avg quality: 0.61)
[2026-02-04T18:51:21Z INFO  prism_nhs::fused_engine] Captured 2970 ensemble snapshots (avg quality: 0.61)
[2026-02-04T18:51:24Z INFO  prism_nhs::fused_engine] Captured 2980 ensemble snapshots (avg quality: 0.61)
[2026-02-04T18:51:27Z INFO  prism_nhs::fused_engine] Captured 2990 ensemble snapshots (avg quality: 0.61)
[2026-02-04T18:51:30Z INFO  prism_nhs::fused_engine] Captured 3000 ensemble snapshots (avg quality: 0.61)
[2026-02-04T18:51:30Z INFO  prism_nhs::fused_engine] Step 300000: T=300.0K, spikes=852047
[2026-02-04T18:51:33Z INFO  prism_nhs::fused_engine] Captured 3010 ensemble snapshots (avg quality: 0.61)
[2026-02-04T18:51:36Z INFO  prism_nhs::fused_engine] Captured 3020 ensemble snapshots (avg quality: 0.61)
[2026-02-04T18:51:39Z INFO  prism_nhs::fused_engine] Captured 3030 ensemble snapshots (avg quality: 0.61)
[2026-02-04T18:51:42Z INFO  prism_nhs::fused_engine] Captured 3040 ensemble snapshots (avg quality: 0.61)
[2026-02-04T18:51:44Z INFO  prism_nhs::fused_engine] Captured 3050 ensemble snapshots (avg quality: 0.61)
[2026-02-04T18:51:47Z INFO  prism_nhs::fused_engine] Captured 3060 ensemble snapshots (avg quality: 0.61)
[2026-02-04T18:51:50Z INFO  prism_nhs::fused_engine] Captured 3070 ensemble snapshots (avg quality: 0.61)
[2026-02-04T18:51:53Z INFO  prism_nhs::fused_engine] Captured 3080 ensemble snapshots (avg quality: 0.61)
[2026-02-04T18:51:56Z INFO  prism_nhs::fused_engine] Captured 3090 ensemble snapshots (avg quality: 0.61)
[2026-02-04T18:51:59Z INFO  prism_nhs::fused_engine] Captured 3100 ensemble snapshots (avg quality: 0.61)
[2026-02-04T18:51:59Z INFO  prism_nhs::fused_engine] Step 310000: T=300.0K, spikes=843665
[2026-02-04T18:52:02Z INFO  prism_nhs::fused_engine] Captured 3110 ensemble snapshots (avg quality: 0.61)
[2026-02-04T18:52:05Z INFO  prism_nhs::fused_engine] Captured 3120 ensemble snapshots (avg quality: 0.61)
[2026-02-04T18:52:08Z INFO  prism_nhs::fused_engine] Captured 3130 ensemble snapshots (avg quality: 0.61)
[2026-02-04T18:52:11Z INFO  prism_nhs::fused_engine] Captured 3140 ensemble snapshots (avg quality: 0.61)
[2026-02-04T18:52:14Z INFO  prism_nhs::fused_engine] Captured 3150 ensemble snapshots (avg quality: 0.61)
[2026-02-04T18:52:17Z INFO  prism_nhs::fused_engine] Captured 3160 ensemble snapshots (avg quality: 0.61)
[2026-02-04T18:52:20Z INFO  prism_nhs::fused_engine] Captured 3170 ensemble snapshots (avg quality: 0.61)
[2026-02-04T18:52:23Z INFO  prism_nhs::fused_engine] Captured 3180 ensemble snapshots (avg quality: 0.61)
[2026-02-04T18:52:26Z INFO  prism_nhs::fused_engine] Captured 3190 ensemble snapshots (avg quality: 0.61)
[2026-02-04T18:52:28Z INFO  prism_nhs::fused_engine] Captured 3200 ensemble snapshots (avg quality: 0.61)
[2026-02-04T18:52:28Z INFO  prism_nhs::fused_engine] Step 320000: T=300.0K, spikes=833499
[2026-02-04T18:52:31Z INFO  prism_nhs::fused_engine] Captured 3210 ensemble snapshots (avg quality: 0.61)
[2026-02-04T18:52:34Z INFO  prism_nhs::fused_engine] Captured 3220 ensemble snapshots (avg quality: 0.61)
[2026-02-04T18:52:37Z INFO  prism_nhs::fused_engine] Captured 3230 ensemble snapshots (avg quality: 0.61)
[2026-02-04T18:52:40Z INFO  prism_nhs::fused_engine] Captured 3240 ensemble snapshots (avg quality: 0.61)
[2026-02-04T18:52:43Z INFO  prism_nhs::fused_engine] Captured 3250 ensemble snapshots (avg quality: 0.61)
[2026-02-04T18:52:46Z INFO  prism_nhs::fused_engine] Captured 3260 ensemble snapshots (avg quality: 0.61)
[2026-02-04T18:52:49Z INFO  prism_nhs::fused_engine] Captured 3270 ensemble snapshots (avg quality: 0.61)
[2026-02-04T18:52:52Z INFO  prism_nhs::fused_engine] Captured 3280 ensemble snapshots (avg quality: 0.61)
[2026-02-04T18:52:55Z INFO  prism_nhs::fused_engine] Captured 3290 ensemble snapshots (avg quality: 0.61)
[2026-02-04T18:52:58Z INFO  prism_nhs::fused_engine] Captured 3300 ensemble snapshots (avg quality: 0.61)
[2026-02-04T18:52:58Z INFO  prism_nhs::fused_engine] Step 330000: T=300.0K, spikes=824457
[2026-02-04T18:53:01Z INFO  prism_nhs::fused_engine] Captured 3310 ensemble snapshots (avg quality: 0.61)
[2026-02-04T18:53:04Z INFO  prism_nhs::fused_engine] Captured 3320 ensemble snapshots (avg quality: 0.61)
[2026-02-04T18:53:07Z INFO  prism_nhs::fused_engine] Captured 3330 ensemble snapshots (avg quality: 0.61)
[2026-02-04T18:53:10Z INFO  prism_nhs::fused_engine] Captured 3340 ensemble snapshots (avg quality: 0.61)
[2026-02-04T18:53:13Z INFO  prism_nhs::fused_engine] Captured 3350 ensemble snapshots (avg quality: 0.61)
[2026-02-04T18:53:16Z INFO  prism_nhs::fused_engine] Captured 3360 ensemble snapshots (avg quality: 0.61)
[2026-02-04T18:53:18Z INFO  prism_nhs::fused_engine] Captured 3370 ensemble snapshots (avg quality: 0.61)
[2026-02-04T18:53:21Z INFO  prism_nhs::fused_engine] Captured 3380 ensemble snapshots (avg quality: 0.61)
[2026-02-04T18:53:24Z INFO  prism_nhs::fused_engine] Captured 3390 ensemble snapshots (avg quality: 0.61)
[2026-02-04T18:53:27Z INFO  prism_nhs::fused_engine] Captured 3400 ensemble snapshots (avg quality: 0.61)
[2026-02-04T18:53:27Z INFO  prism_nhs::fused_engine] Step 340000: T=300.0K, spikes=818397
[2026-02-04T18:53:30Z INFO  prism_nhs::fused_engine] Captured 3410 ensemble snapshots (avg quality: 0.61)
[2026-02-04T18:53:33Z INFO  prism_nhs::fused_engine] Captured 3420 ensemble snapshots (avg quality: 0.61)
[2026-02-04T18:53:36Z INFO  prism_nhs::fused_engine] Captured 3430 ensemble snapshots (avg quality: 0.61)
[2026-02-04T18:53:39Z INFO  prism_nhs::fused_engine] Captured 3440 ensemble snapshots (avg quality: 0.61)
[2026-02-04T18:53:42Z INFO  prism_nhs::fused_engine] Captured 3450 ensemble snapshots (avg quality: 0.61)
[2026-02-04T18:53:45Z INFO  prism_nhs::fused_engine] Captured 3460 ensemble snapshots (avg quality: 0.61)
[2026-02-04T18:53:48Z INFO  prism_nhs::fused_engine] Captured 3470 ensemble snapshots (avg quality: 0.61)
[2026-02-04T18:53:51Z INFO  prism_nhs::fused_engine] Captured 3480 ensemble snapshots (avg quality: 0.61)
[2026-02-04T18:53:54Z INFO  prism_nhs::fused_engine] Captured 3490 ensemble snapshots (avg quality: 0.61)
[2026-02-04T18:53:57Z INFO  prism_nhs::fused_engine] Captured 3500 ensemble snapshots (avg quality: 0.61)
[2026-02-04T18:53:57Z INFO  prism_nhs::fused_engine] Step 350000: T=300.0K, spikes=812373
[2026-02-04T18:54:00Z INFO  prism_nhs::fused_engine] Captured 3510 ensemble snapshots (avg quality: 0.61)
[2026-02-04T18:54:03Z INFO  prism_nhs::fused_engine] Captured 3520 ensemble snapshots (avg quality: 0.61)
[2026-02-04T18:54:06Z INFO  prism_nhs::fused_engine] Captured 3530 ensemble snapshots (avg quality: 0.61)
[2026-02-04T18:54:08Z INFO  prism_nhs::fused_engine] Captured 3540 ensemble snapshots (avg quality: 0.61)
[2026-02-04T18:54:11Z INFO  prism_nhs::fused_engine] Captured 3550 ensemble snapshots (avg quality: 0.61)
[2026-02-04T18:54:14Z INFO  prism_nhs::fused_engine] Captured 3560 ensemble snapshots (avg quality: 0.61)
[2026-02-04T18:54:17Z INFO  prism_nhs::fused_engine] Captured 3570 ensemble snapshots (avg quality: 0.61)
[2026-02-04T18:54:20Z INFO  prism_nhs::fused_engine] Captured 3580 ensemble snapshots (avg quality: 0.61)
[2026-02-04T18:54:23Z INFO  prism_nhs::fused_engine] Captured 3590 ensemble snapshots (avg quality: 0.61)
[2026-02-04T18:54:26Z INFO  prism_nhs::fused_engine] Captured 3600 ensemble snapshots (avg quality: 0.61)
[2026-02-04T18:54:26Z INFO  prism_nhs::fused_engine] Step 360000: T=300.0K, spikes=805985
[2026-02-04T18:54:29Z INFO  prism_nhs::fused_engine] Captured 3610 ensemble snapshots (avg quality: 0.61)
[2026-02-04T18:54:32Z INFO  prism_nhs::fused_engine] Captured 3620 ensemble snapshots (avg quality: 0.61)
[2026-02-04T18:54:35Z INFO  prism_nhs::fused_engine] Captured 3630 ensemble snapshots (avg quality: 0.61)
[2026-02-04T18:54:38Z INFO  prism_nhs::fused_engine] Captured 3640 ensemble snapshots (avg quality: 0.61)
[2026-02-04T18:54:41Z INFO  prism_nhs::fused_engine] Captured 3650 ensemble snapshots (avg quality: 0.61)
[2026-02-04T18:54:44Z INFO  prism_nhs::fused_engine] Captured 3660 ensemble snapshots (avg quality: 0.61)
[2026-02-04T18:54:47Z INFO  prism_nhs::fused_engine] Captured 3670 ensemble snapshots (avg quality: 0.61)
[2026-02-04T18:54:50Z INFO  prism_nhs::fused_engine] Captured 3680 ensemble snapshots (avg quality: 0.61)
[2026-02-04T18:54:53Z INFO  prism_nhs::fused_engine] Captured 3690 ensemble snapshots (avg quality: 0.61)
[2026-02-04T18:54:56Z INFO  prism_nhs::fused_engine] Captured 3700 ensemble snapshots (avg quality: 0.61)
[2026-02-04T18:54:56Z INFO  prism_nhs::fused_engine] Step 370000: T=300.0K, spikes=799608
[2026-02-04T18:54:58Z INFO  prism_nhs::fused_engine] Captured 3710 ensemble snapshots (avg quality: 0.61)
[2026-02-04T18:55:01Z INFO  prism_nhs::fused_engine] Captured 3720 ensemble snapshots (avg quality: 0.61)
[2026-02-04T18:55:04Z INFO  prism_nhs::fused_engine] Captured 3730 ensemble snapshots (avg quality: 0.61)
[2026-02-04T18:55:07Z INFO  prism_nhs::fused_engine] Captured 3740 ensemble snapshots (avg quality: 0.61)
[2026-02-04T18:55:10Z INFO  prism_nhs::fused_engine] Captured 3750 ensemble snapshots (avg quality: 0.61)
[2026-02-04T18:55:13Z INFO  prism_nhs::fused_engine] Captured 3760 ensemble snapshots (avg quality: 0.61)
[2026-02-04T18:55:16Z INFO  prism_nhs::fused_engine] Captured 3770 ensemble snapshots (avg quality: 0.61)
[2026-02-04T18:55:19Z INFO  prism_nhs::fused_engine] Captured 3780 ensemble snapshots (avg quality: 0.61)
[2026-02-04T18:55:22Z INFO  prism_nhs::fused_engine] Captured 3790 ensemble snapshots (avg quality: 0.61)
[2026-02-04T18:55:25Z INFO  prism_nhs::fused_engine] Captured 3800 ensemble snapshots (avg quality: 0.61)
[2026-02-04T18:55:25Z INFO  prism_nhs::fused_engine] Step 380000: T=300.0K, spikes=794414
[2026-02-04T18:55:28Z INFO  prism_nhs::fused_engine] Captured 3810 ensemble snapshots (avg quality: 0.61)
[2026-02-04T18:55:31Z INFO  prism_nhs::fused_engine] Captured 3820 ensemble snapshots (avg quality: 0.61)
[2026-02-04T18:55:34Z INFO  prism_nhs::fused_engine] Captured 3830 ensemble snapshots (avg quality: 0.61)
[2026-02-04T18:55:37Z INFO  prism_nhs::fused_engine] Captured 3840 ensemble snapshots (avg quality: 0.61)
[2026-02-04T18:55:40Z INFO  prism_nhs::fused_engine] Captured 3850 ensemble snapshots (avg quality: 0.61)
[2026-02-04T18:55:43Z INFO  prism_nhs::fused_engine] Captured 3860 ensemble snapshots (avg quality: 0.61)
[2026-02-04T18:55:46Z INFO  prism_nhs::fused_engine] Captured 3870 ensemble snapshots (avg quality: 0.61)
[2026-02-04T18:55:48Z INFO  prism_nhs::fused_engine] Captured 3880 ensemble snapshots (avg quality: 0.61)
[2026-02-04T18:55:51Z INFO  prism_nhs::fused_engine] Captured 3890 ensemble snapshots (avg quality: 0.61)
[2026-02-04T18:55:54Z INFO  prism_nhs::fused_engine] Captured 3900 ensemble snapshots (avg quality: 0.61)
[2026-02-04T18:55:54Z INFO  prism_nhs::fused_engine] Step 390000: T=300.0K, spikes=788025
[2026-02-04T18:55:57Z INFO  prism_nhs::fused_engine] Captured 3910 ensemble snapshots (avg quality: 0.61)
[2026-02-04T18:56:00Z INFO  prism_nhs::fused_engine] Captured 3920 ensemble snapshots (avg quality: 0.61)
[2026-02-04T18:56:03Z INFO  prism_nhs::fused_engine] Captured 3930 ensemble snapshots (avg quality: 0.61)
[2026-02-04T18:56:06Z INFO  prism_nhs::fused_engine] Captured 3940 ensemble snapshots (avg quality: 0.61)
[2026-02-04T18:56:09Z INFO  prism_nhs::fused_engine] Captured 3950 ensemble snapshots (avg quality: 0.61)
[2026-02-04T18:56:12Z INFO  prism_nhs::fused_engine] Captured 3960 ensemble snapshots (avg quality: 0.61)
[2026-02-04T18:56:15Z INFO  prism_nhs::fused_engine] Captured 3970 ensemble snapshots (avg quality: 0.61)
[2026-02-04T18:56:18Z INFO  prism_nhs::fused_engine] Captured 3980 ensemble snapshots (avg quality: 0.61)
[2026-02-04T18:56:21Z INFO  prism_nhs::fused_engine] Captured 3990 ensemble snapshots (avg quality: 0.61)
[2026-02-04T18:56:24Z INFO  prism_nhs::fused_engine] Captured 4000 ensemble snapshots (avg quality: 0.61)
[2026-02-04T18:56:24Z INFO  prism_nhs::fused_engine] Step 400000: T=300.0K, spikes=781706
[2026-02-04T18:56:27Z INFO  prism_nhs::fused_engine] Captured 4010 ensemble snapshots (avg quality: 0.61)
[2026-02-04T18:56:30Z INFO  prism_nhs::fused_engine] Captured 4020 ensemble snapshots (avg quality: 0.61)
[2026-02-04T18:56:33Z INFO  prism_nhs::fused_engine] Captured 4030 ensemble snapshots (avg quality: 0.61)
[2026-02-04T18:56:36Z INFO  prism_nhs::fused_engine] Captured 4040 ensemble snapshots (avg quality: 0.61)
[2026-02-04T18:56:38Z INFO  prism_nhs::fused_engine] Captured 4050 ensemble snapshots (avg quality: 0.61)
[2026-02-04T18:56:41Z INFO  prism_nhs::fused_engine] Captured 4060 ensemble snapshots (avg quality: 0.61)
[2026-02-04T18:56:44Z INFO  prism_nhs::fused_engine] Captured 4070 ensemble snapshots (avg quality: 0.61)
[2026-02-04T18:56:47Z INFO  prism_nhs::fused_engine] Captured 4080 ensemble snapshots (avg quality: 0.61)
[2026-02-04T18:56:50Z INFO  prism_nhs::fused_engine] Captured 4090 ensemble snapshots (avg quality: 0.61)
[2026-02-04T18:56:53Z INFO  prism_nhs::fused_engine] Captured 4100 ensemble snapshots (avg quality: 0.61)
[2026-02-04T18:56:53Z INFO  prism_nhs::fused_engine] Step 410000: T=300.0K, spikes=775930
[2026-02-04T18:56:56Z INFO  prism_nhs::fused_engine] Captured 4110 ensemble snapshots (avg quality: 0.61)
[2026-02-04T18:56:59Z INFO  prism_nhs::fused_engine] Captured 4120 ensemble snapshots (avg quality: 0.61)
[2026-02-04T18:57:02Z INFO  prism_nhs::fused_engine] Captured 4130 ensemble snapshots (avg quality: 0.61)
[2026-02-04T18:57:05Z INFO  prism_nhs::fused_engine] Captured 4140 ensemble snapshots (avg quality: 0.61)
[2026-02-04T18:57:08Z INFO  prism_nhs::fused_engine] Captured 4150 ensemble snapshots (avg quality: 0.61)
[2026-02-04T18:57:11Z INFO  prism_nhs::fused_engine] Captured 4160 ensemble snapshots (avg quality: 0.61)
[2026-02-04T18:57:14Z INFO  prism_nhs::fused_engine] Captured 4170 ensemble snapshots (avg quality: 0.61)
[2026-02-04T18:57:17Z INFO  prism_nhs::fused_engine] Captured 4180 ensemble snapshots (avg quality: 0.61)
[2026-02-04T18:57:20Z INFO  prism_nhs::fused_engine] Captured 4190 ensemble snapshots (avg quality: 0.61)
[2026-02-04T18:57:23Z INFO  prism_nhs::fused_engine] Captured 4200 ensemble snapshots (avg quality: 0.61)
[2026-02-04T18:57:23Z INFO  prism_nhs::fused_engine] Step 420000: T=300.0K, spikes=770086
[2026-02-04T18:57:26Z INFO  prism_nhs::fused_engine] Captured 4210 ensemble snapshots (avg quality: 0.61)
[2026-02-04T18:57:28Z INFO  prism_nhs::fused_engine] Captured 4220 ensemble snapshots (avg quality: 0.61)
[2026-02-04T18:57:31Z INFO  prism_nhs::fused_engine] Captured 4230 ensemble snapshots (avg quality: 0.61)
[2026-02-04T18:57:34Z INFO  prism_nhs::fused_engine] Captured 4240 ensemble snapshots (avg quality: 0.61)
[2026-02-04T18:57:37Z INFO  prism_nhs::fused_engine] Captured 4250 ensemble snapshots (avg quality: 0.61)
[2026-02-04T18:57:40Z INFO  prism_nhs::fused_engine] Captured 4260 ensemble snapshots (avg quality: 0.61)
[2026-02-04T18:57:43Z INFO  prism_nhs::fused_engine] Captured 4270 ensemble snapshots (avg quality: 0.61)
[2026-02-04T18:57:46Z INFO  prism_nhs::fused_engine] Captured 4280 ensemble snapshots (avg quality: 0.61)
[2026-02-04T18:57:49Z INFO  prism_nhs::fused_engine] Captured 4290 ensemble snapshots (avg quality: 0.61)
[2026-02-04T18:57:52Z INFO  prism_nhs::fused_engine] Captured 4300 ensemble snapshots (avg quality: 0.61)
[2026-02-04T18:57:52Z INFO  prism_nhs::fused_engine] Step 430000: T=300.0K, spikes=763634
[2026-02-04T18:57:55Z INFO  prism_nhs::fused_engine] Captured 4310 ensemble snapshots (avg quality: 0.61)
[2026-02-04T18:57:58Z INFO  prism_nhs::fused_engine] Captured 4320 ensemble snapshots (avg quality: 0.61)
[2026-02-04T18:58:01Z INFO  prism_nhs::fused_engine] Captured 4330 ensemble snapshots (avg quality: 0.61)
[2026-02-04T18:58:04Z INFO  prism_nhs::fused_engine] Captured 4340 ensemble snapshots (avg quality: 0.61)
[2026-02-04T18:58:07Z INFO  prism_nhs::fused_engine] Captured 4350 ensemble snapshots (avg quality: 0.61)
[2026-02-04T18:58:10Z INFO  prism_nhs::fused_engine] Captured 4360 ensemble snapshots (avg quality: 0.61)
[2026-02-04T18:58:13Z INFO  prism_nhs::fused_engine] Captured 4370 ensemble snapshots (avg quality: 0.61)
[2026-02-04T18:58:16Z INFO  prism_nhs::fused_engine] Captured 4380 ensemble snapshots (avg quality: 0.61)
[2026-02-04T18:58:18Z INFO  prism_nhs::fused_engine] Captured 4390 ensemble snapshots (avg quality: 0.61)
[2026-02-04T18:58:21Z INFO  prism_nhs::fused_engine] Captured 4400 ensemble snapshots (avg quality: 0.61)
[2026-02-04T18:58:21Z INFO  prism_nhs::fused_engine] Step 440000: T=300.0K, spikes=757134
[2026-02-04T18:58:24Z INFO  prism_nhs::fused_engine] Captured 4410 ensemble snapshots (avg quality: 0.61)
[2026-02-04T18:58:27Z INFO  prism_nhs::fused_engine] Captured 4420 ensemble snapshots (avg quality: 0.61)
[2026-02-04T18:58:30Z INFO  prism_nhs::fused_engine] Captured 4430 ensemble snapshots (avg quality: 0.61)
[2026-02-04T18:58:33Z INFO  prism_nhs::fused_engine] Captured 4440 ensemble snapshots (avg quality: 0.61)
[2026-02-04T18:58:36Z INFO  prism_nhs::fused_engine] Captured 4450 ensemble snapshots (avg quality: 0.61)
[2026-02-04T18:58:39Z INFO  prism_nhs::fused_engine] Captured 4460 ensemble snapshots (avg quality: 0.61)
[2026-02-04T18:58:42Z INFO  prism_nhs::fused_engine] Captured 4470 ensemble snapshots (avg quality: 0.61)
[2026-02-04T18:58:45Z INFO  prism_nhs::fused_engine] Captured 4480 ensemble snapshots (avg quality: 0.61)
[2026-02-04T18:58:48Z INFO  prism_nhs::fused_engine] Captured 4490 ensemble snapshots (avg quality: 0.61)
[2026-02-04T18:58:51Z INFO  prism_nhs::fused_engine] Captured 4500 ensemble snapshots (avg quality: 0.61)
[2026-02-04T18:58:51Z INFO  prism_nhs::fused_engine] Step 450000: T=300.0K, spikes=750492
[2026-02-04T18:58:54Z INFO  prism_nhs::fused_engine] Captured 4510 ensemble snapshots (avg quality: 0.61)
[2026-02-04T18:58:57Z INFO  prism_nhs::fused_engine] Captured 4520 ensemble snapshots (avg quality: 0.61)
[2026-02-04T18:59:00Z INFO  prism_nhs::fused_engine] Captured 4530 ensemble snapshots (avg quality: 0.61)
[2026-02-04T18:59:03Z INFO  prism_nhs::fused_engine] Captured 4540 ensemble snapshots (avg quality: 0.61)
[2026-02-04T18:59:06Z INFO  prism_nhs::fused_engine] Captured 4550 ensemble snapshots (avg quality: 0.61)
[2026-02-04T18:59:08Z INFO  prism_nhs::fused_engine] Captured 4560 ensemble snapshots (avg quality: 0.61)
[2026-02-04T18:59:11Z INFO  prism_nhs::fused_engine] Captured 4570 ensemble snapshots (avg quality: 0.61)
[2026-02-04T18:59:14Z INFO  prism_nhs::fused_engine] Captured 4580 ensemble snapshots (avg quality: 0.61)
[2026-02-04T18:59:17Z INFO  prism_nhs::fused_engine] Captured 4590 ensemble snapshots (avg quality: 0.61)
[2026-02-04T18:59:20Z INFO  prism_nhs::fused_engine] Captured 4600 ensemble snapshots (avg quality: 0.61)
[2026-02-04T18:59:20Z INFO  prism_nhs::fused_engine] Step 460000: T=300.0K, spikes=744097
[2026-02-04T18:59:23Z INFO  prism_nhs::fused_engine] Captured 4610 ensemble snapshots (avg quality: 0.61)
[2026-02-04T18:59:26Z INFO  prism_nhs::fused_engine] Captured 4620 ensemble snapshots (avg quality: 0.61)
[2026-02-04T18:59:29Z INFO  prism_nhs::fused_engine] Captured 4630 ensemble snapshots (avg quality: 0.61)
[2026-02-04T18:59:32Z INFO  prism_nhs::fused_engine] Captured 4640 ensemble snapshots (avg quality: 0.61)
[2026-02-04T18:59:35Z INFO  prism_nhs::fused_engine] Captured 4650 ensemble snapshots (avg quality: 0.61)
[2026-02-04T18:59:38Z INFO  prism_nhs::fused_engine] Captured 4660 ensemble snapshots (avg quality: 0.61)
[2026-02-04T18:59:41Z INFO  prism_nhs::fused_engine] Captured 4670 ensemble snapshots (avg quality: 0.61)
[2026-02-04T18:59:44Z INFO  prism_nhs::fused_engine] Captured 4680 ensemble snapshots (avg quality: 0.61)
[2026-02-04T18:59:47Z INFO  prism_nhs::fused_engine] Captured 4690 ensemble snapshots (avg quality: 0.61)
[2026-02-04T18:59:50Z INFO  prism_nhs::fused_engine] Captured 4700 ensemble snapshots (avg quality: 0.61)
[2026-02-04T18:59:50Z INFO  prism_nhs::fused_engine] Step 470000: T=300.0K, spikes=737048
[2026-02-04T18:59:53Z INFO  prism_nhs::fused_engine] Captured 4710 ensemble snapshots (avg quality: 0.61)
[2026-02-04T18:59:56Z INFO  prism_nhs::fused_engine] Captured 4720 ensemble snapshots (avg quality: 0.61)
[2026-02-04T18:59:58Z INFO  prism_nhs::fused_engine] Captured 4730 ensemble snapshots (avg quality: 0.61)
[2026-02-04T19:00:01Z INFO  prism_nhs::fused_engine] Captured 4740 ensemble snapshots (avg quality: 0.61)
[2026-02-04T19:00:04Z INFO  prism_nhs::fused_engine] Captured 4750 ensemble snapshots (avg quality: 0.61)
[2026-02-04T19:00:07Z INFO  prism_nhs::fused_engine] Captured 4760 ensemble snapshots (avg quality: 0.61)
[2026-02-04T19:00:10Z INFO  prism_nhs::fused_engine] Captured 4770 ensemble snapshots (avg quality: 0.61)
[2026-02-04T19:00:13Z INFO  prism_nhs::fused_engine] Captured 4780 ensemble snapshots (avg quality: 0.61)
[2026-02-04T19:00:16Z INFO  prism_nhs::fused_engine] Captured 4790 ensemble snapshots (avg quality: 0.61)
[2026-02-04T19:00:19Z INFO  prism_nhs::fused_engine] Captured 4800 ensemble snapshots (avg quality: 0.61)
[2026-02-04T19:00:19Z INFO  prism_nhs::fused_engine] Step 480000: T=300.0K, spikes=731423
[2026-02-04T19:00:22Z INFO  prism_nhs::fused_engine] Captured 4810 ensemble snapshots (avg quality: 0.61)
[2026-02-04T19:00:25Z INFO  prism_nhs::fused_engine] Captured 4820 ensemble snapshots (avg quality: 0.61)
[2026-02-04T19:00:28Z INFO  prism_nhs::fused_engine] Captured 4830 ensemble snapshots (avg quality: 0.61)
[2026-02-04T19:00:31Z INFO  prism_nhs::fused_engine] Captured 4840 ensemble snapshots (avg quality: 0.61)
[2026-02-04T19:00:34Z INFO  prism_nhs::fused_engine] Captured 4850 ensemble snapshots (avg quality: 0.61)
[2026-02-04T19:00:37Z INFO  prism_nhs::fused_engine] Captured 4860 ensemble snapshots (avg quality: 0.61)
[2026-02-04T19:00:40Z INFO  prism_nhs::fused_engine] Captured 4870 ensemble snapshots (avg quality: 0.61)
[2026-02-04T19:00:43Z INFO  prism_nhs::fused_engine] Captured 4880 ensemble snapshots (avg quality: 0.61)
[2026-02-04T19:00:46Z INFO  prism_nhs::fused_engine] Captured 4890 ensemble snapshots (avg quality: 0.61)
[2026-02-04T19:00:48Z INFO  prism_nhs::fused_engine] Captured 4900 ensemble snapshots (avg quality: 0.61)
[2026-02-04T19:00:48Z INFO  prism_nhs::fused_engine] Step 490000: T=300.0K, spikes=725409
[2026-02-04T19:00:51Z INFO  prism_nhs::fused_engine] Captured 4910 ensemble snapshots (avg quality: 0.61)
[2026-02-04T19:00:54Z INFO  prism_nhs::fused_engine] Captured 4920 ensemble snapshots (avg quality: 0.61)
[2026-02-04T19:00:57Z INFO  prism_nhs::fused_engine] Captured 4930 ensemble snapshots (avg quality: 0.61)
[2026-02-04T19:01:00Z INFO  prism_nhs::fused_engine] Captured 4940 ensemble snapshots (avg quality: 0.61)
[2026-02-04T19:01:03Z INFO  prism_nhs::fused_engine] Captured 4950 ensemble snapshots (avg quality: 0.61)
[2026-02-04T19:01:06Z INFO  prism_nhs::fused_engine] Captured 4960 ensemble snapshots (avg quality: 0.61)
[2026-02-04T19:01:09Z INFO  prism_nhs::fused_engine] Captured 4970 ensemble snapshots (avg quality: 0.61)
[2026-02-04T19:01:12Z INFO  prism_nhs::fused_engine] Captured 4980 ensemble snapshots (avg quality: 0.61)
[2026-02-04T19:01:15Z INFO  prism_nhs::fused_engine] Captured 4990 ensemble snapshots (avg quality: 0.61)
[2026-02-04T19:01:18Z INFO  prism_nhs::fused_engine] Captured 5000 ensemble snapshots (avg quality: 0.61)
[2026-02-04T19:01:18Z INFO  prism_nhs::fused_engine] Step 500000: T=300.0K, spikes=718699
[2026-02-04T19:01:18Z INFO  nhs_rt_full]   ✓ Completed in 1469.8s (340 steps/sec)
[2026-02-04T19:01:18Z INFO  nhs_rt_full]   Spikes collected: 0
[2026-02-04T19:01:19Z INFO  nhs_rt_full]   Snapshots: 5000
[2026-02-04T19:01:20Z INFO  nhs_rt_full]   Final temperature: 300.0K
[2026-02-04T19:01:20Z INFO  nhs_rt_full] 
    [4/6] RT-accelerated spike clustering...
[2026-02-04T19:01:20Z INFO  nhs_rt_full]   Skipped (no spikes or RT disabled)
[2026-02-04T19:01:20Z INFO  nhs_rt_full] 
    [5/6] Aromatic proximity analysis...
[2026-02-04T19:01:20Z INFO  nhs_rt_full]   Skipped (no sites or aromatics)
[2026-02-04T19:01:20Z INFO  nhs_rt_full] 
    [6/6] Generating visualization output...
[2026-02-04T19:01:20Z INFO  nhs_rt_full] 
    ╔═══════════════════════════════════════════════════════════════╗
[2026-02-04T19:01:20Z INFO  nhs_rt_full] ║  PIPELINE COMPLETE                                            ║
[2026-02-04T19:01:20Z INFO  nhs_rt_full] ╠═══════════════════════════════════════════════════════════════╣
[2026-02-04T19:01:20Z INFO  nhs_rt_full] ║  Structure: 16_GBA_apo.topology                              ║
[2026-02-04T19:01:20Z INFO  nhs_rt_full] ║  Total time: 1475.6                                        s ║
[2026-02-04T19:01:20Z INFO  nhs_rt_full] ║  Spikes detected: 0                                         ║
[2026-02-04T19:01:20Z INFO  nhs_rt_full] ║  Binding sites: 0                                           ║
[2026-02-04T19:01:20Z INFO  nhs_rt_full] ║  Druggable sites: 0                                         ║
[2026-02-04T19:01:20Z INFO  nhs_rt_full] ║  RT cores used: Yes                                         ║
[2026-02-04T19:01:20Z INFO  nhs_rt_full] ╚═══════════════════════════════════════════════════════════════╝
